<?xml version="1.0" encoding="UTF-8"?>
<!-- Generated by org.testng.reporters.JUnitReportReporter -->
<testsuite hostname="DESKTOP-O3KNOF5" failures="0" tests="1" name="ComKiteQaTestCases.HomePageTest" time="13.731" errors="0" timestamp="2022-07-13T04:23:23 IST" skipped="0">
  <testcase classname="ComKiteQaTestCases.HomePageTest" name="HomepageTitle" time="13.731"/>
  <system-out/>
</testsuite> <!-- ComKiteQaTestCases.HomePageTest -->
